<?xml version="1.0" encoding="UTF-8"?>
<testsuite name="As a user I want create an account1" tests="1" skipped="0" failures="0" errors="0" timestamp="2023-03-03T22:46:02" hostname="QV-4398" time="4.048">
  <properties/>
  <testcase name="Create user in the app" classname="As a user I want create an account1" time="4.048"/>
  <system-out><![CDATA[Feature from file:///C:/Automatizaciones/Proyectos_Automatizacion/BDDPracticeServices/src/test/resources/features/create_user.feature
Step argument class io.cucumber.core.gherkin.vintage.GherkinVintageDataTableArgument
FIRS STEP
Request method:	POST
Request URI:	https://reqres.in/api/users
Proxy:			<none>
Request params:	<none>
Query params:	<none>
Form params:	<none>
Path params:	<none>
Headers:		Accept=*/*
				Content-Type=application/json; charset=UTF-8
Cookies:		<none>
Multiparts:		<none>
Body:
{
    "name": "Jota",
    "job": "QA AUTOMATION"
}
HTTP/1.1 201 Created
Date: Fri, 03 Mar 2023 22:46:06 GMT
Content-Type: application/json; charset=utf-8
Content-Length: 86
Connection: keep-alive
X-Powered-By: Express
Access-Control-Allow-Origin: *
Etag: W/"56-VP8X5V3YeKpZHNYy9SbTIVQQSTM"
Via: 1.1 vegur
CF-Cache-Status: DYNAMIC
Report-To: {"endpoints":[{"url":"https:\/\/a.nel.cloudflare.com\/report\/v3?s=JS7FNsgyH%2F0bi9MDzPIWM00wJteMMI0aZx%2FTrOwN7NCo43MfEGs4%2B%2B7CI%2BbASqBLthIoH3rRo%2F5Pp7xf%2BK8yUX2RFH4DJQPndGi5kPvPVGTmKQwvOjKeVuq5jg%3D%3D"}],"group":"cf-nel","max_age":604800}
NEL: {"success_fraction":0,"report_to":"cf-nel","max_age":604800}
Server: cloudflare
CF-RAY: 7a2569e12f0f336e-MIA

{
    "name": "Jota",
    "job": "QA AUTOMATION",
    "id": "14",
    "createdAt": "2023-03-03T22:46:06.457Z"
}
]]></system-out>
  <system-err><![CDATA[[Test worker] INFO  - 
 _____ _____ ____ _____   ____ _____  _    ____ _____ _____ ____  
|_   _| ____/ ___|_   _| / ___|_   _|/ \  |  _ \_   _| ____|  _ \ 
  | | |  _| \___ \ | |   \___ \ | | / _ \ | |_) || | |  _| | | | |
  | | | |___ ___) || |    ___) || |/ ___ \|  _ < | | | |___| |_| |
  |_| |_____|____/ |_|   |____/ |_/_/   \_\_| \_\|_| |_____|____/ 

Create user in the app(as-a-user-i-want-create-an-account1;create-user-in-the-app)
-------------------------------------------------------------------
ERROR StatusLogger No Log4j 2 configuration file found. Using default configuration (logging only errors to the console), or user programmatically provided configurations. Set system property 'log4j2.debug' to show Log4j 2 internal initialization logging. See https://logging.apache.org/log4j/2.x/manual/configuration.html for instructions on how to configure Log4j 2
[Test worker] INFO  - 
        __    _____ _____ ____ _____   ____   _    ____  ____  _____ ____  
  _     \ \  |_   _| ____/ ___|_   _| |  _ \ / \  / ___|/ ___|| ____|  _ \ 
 (_)_____| |   | | |  _| \___ \ | |   | |_) / _ \ \___ \\___ \|  _| | | | |
  _|_____| |   | | | |___ ___) || |   |  __/ ___ \ ___) |___) | |___| |_| |
 (_)     | |   |_| |_____|____/ |_|   |_| /_/   \_\____/|____/|_____|____/ 
        /_/                                                                

Create user in the app
----------------------------------------------------------------------------
]]></system-err>
</testsuite>
