<?xml version="1.0" encoding="UTF-8"?>
<testsuite name="As a user I want get information with relation to clients" tests="1" skipped="1" failures="0" errors="0" timestamp="2023-02-08T17:25:09" hostname="QV-4398" time="0.503">
  <properties/>
  <testcase name="Get response" classname="As a user I want get information with relation to clients" time="0.503">
    <skipped/>
  </testcase>
  <system-out><![CDATA[Feature from file:///C:/Automatizaciones/Proyectos_Automatizacion/BDDPracticeServices/src/test/resources/features/get_user.feature
Step argument class io.cucumber.core.gherkin.vintage.GherkinVintageDataTableArgument
]]></system-out>
  <system-err><![CDATA[[Test worker] INFO  - 
 _____ _____ ____ _____   ____ _____  _    ____ _____ _____ ____  
|_   _| ____/ ___|_   _| / ___|_   _|/ \  |  _ \_   _| ____|  _ \ 
  | | |  _| \___ \ | |   \___ \ | | / _ \ | |_) || | |  _| | | | |
  | | | |___ ___) || |    ___) || |/ ___ \|  _ < | | | |___| |_| |
  |_| |_____|____/ |_|   |____/ |_/_/   \_\_| \_\|_| |_____|____/ 

Get response(as-a-user-i-want-get-information-with-relation-to-clients;get-response)
-------------------------------------------------------------------
[Test worker] INFO  - 
          __  _____ _____ ____ _____   ____  _____ _   _ ____ ___ _   _  ____ 
 _       / / |_   _| ____/ ___|_   _| |  _ \| ____| \ | |  _ \_ _| \ | |/ ___|
(_)____ / /    | | |  _| \___ \ | |   | |_) |  _| |  \| | | | | ||  \| | |  _ 
 |_____/ /     | | | |___ ___) || |   |  __/| |___| |\  | |_| | || |\  | |_| |
(_)   /_/      |_| |_____|____/ |_|   |_|   |_____|_| \_|____/___|_| \_|\____|

Get response
-------------------------------------------------------------------------------
]]></system-err>
</testsuite>
